2023-05-04 16:12:10,611:INFO:Current libzmq version is 4.3.4
2023-05-04 16:12:10,611:INFO:Current  pyzmq version is 23.2.0
2023-05-04 16:12:10,611:INFO:Publisher port is specified
2023-05-04 16:12:10,611:INFO:Creating ZeroMQ context on: tcp://127.0.0.1:5570
2023-05-04 16:12:10,616:INFO:Connect to tcp://127.0.0.1:5570 successful
2023-05-04 16:12:10,617:INFO:Write timestamps to: logging\timestamps_pub.csv
2023-05-04 16:12:10,617:INFO:Publisher socket set-up complete
2023-05-04 16:12:10,617:INFO:sub_port not specified, not setting-up subscriber
2023-05-04 16:12:10,617:INFO:Dealer port is specified
2023-05-04 16:12:10,618:INFO:Creating ZeroMQ context on: tcp://127.0.0.1:5580
2023-05-04 16:12:10,619:INFO:Connect to tcp://127.0.0.1:5580 successful
2023-05-04 16:12:10,619:INFO:Dealer socket set-up complete
2023-05-04 16:12:10,619:INFO:Dealer port 2 is specified
2023-05-04 16:12:10,619:INFO:Creating ZeroMQ context on: tcp://127.0.0.1:5581
2023-05-04 16:12:10,620:INFO:Connect to tcp://127.0.0.1:5581 successful
2023-05-04 16:12:10,620:INFO:Dealer 2 socket set-up complete
2023-05-04 16:12:10,620:INFO:Dealer port 3 is specified
2023-05-04 16:12:10,620:INFO:Creating ZeroMQ context on: tcp://127.0.0.1:5582
2023-05-04 16:12:10,621:INFO:Connect to tcp://127.0.0.1:5582 successful
2023-05-04 16:12:10,621:INFO:Dealer 3 socket set-up complete
2023-05-04 16:12:10,621:INFO:rout_port not specified, not setting-up router
2023-05-04 16:12:10,621:INFO:ZeroMQ sockets successfully set-up

2023-05-04 16:12:12,236:INFO:sklearn.ensemble.RandomForestClassifier.predict: running accelerated version on CPU
2023-05-04 16:12:12,360:INFO:sklearn.ensemble.RandomForestClassifier.predict_proba: running accelerated version on CPU
2023-05-04 16:12:12,679:INFO:sklearn.ensemble.RandomForestClassifier.predict: running accelerated version on CPU
2023-05-04 16:12:12,680:INFO:sklearn.ensemble.RandomForestClassifier.predict_proba: running accelerated version on CPU
2023-05-04 16:12:12,955:INFO:sklearn.ensemble.RandomForestClassifier.predict: running accelerated version on CPU
2023-05-04 16:12:12,956:INFO:sklearn.ensemble.RandomForestClassifier.predict_proba: running accelerated version on CPU
2023-05-04 16:12:13,449:INFO:sklearn.ensemble.RandomForestClassifier.predict: running accelerated version on CPU
2023-05-04 16:12:13,450:INFO:sklearn.ensemble.RandomForestClassifier.predict_proba: running accelerated version on CPU
2023-05-04 16:12:13,879:INFO:sklearn.ensemble.RandomForestClassifier.predict: running accelerated version on CPU
2023-05-04 16:12:13,879:INFO:sklearn.ensemble.RandomForestClassifier.predict_proba: running accelerated version on CPU
2023-05-04 16:12:14,171:INFO:sklearn.ensemble.RandomForestClassifier.predict: running accelerated version on CPU
2023-05-04 16:12:14,171:INFO:sklearn.ensemble.RandomForestClassifier.predict_proba: running accelerated version on CPU
2023-05-04 16:12:14,629:INFO:sklearn.ensemble.RandomForestClassifier.predict: running accelerated version on CPU
2023-05-04 16:12:14,630:INFO:sklearn.ensemble.RandomForestClassifier.predict_proba: running accelerated version on CPU
2023-05-04 16:12:15,075:INFO:sklearn.ensemble.RandomForestClassifier.predict: running accelerated version on CPU
2023-05-04 16:12:15,076:INFO:sklearn.ensemble.RandomForestClassifier.predict_proba: running accelerated version on CPU
2023-05-04 16:12:15,365:INFO:sklearn.ensemble.RandomForestClassifier.predict: running accelerated version on CPU
2023-05-04 16:12:15,366:INFO:sklearn.ensemble.RandomForestClassifier.predict_proba: running accelerated version on CPU
2023-05-04 16:12:15,835:INFO:sklearn.ensemble.RandomForestClassifier.predict: running accelerated version on CPU
2023-05-04 16:12:15,836:INFO:sklearn.ensemble.RandomForestClassifier.predict_proba: running accelerated version on CPU
2023-05-04 16:12:16,275:INFO:sklearn.ensemble.RandomForestClassifier.predict: running accelerated version on CPU
2023-05-04 16:12:16,276:INFO:sklearn.ensemble.RandomForestClassifier.predict_proba: running accelerated version on CPU
2023-05-04 16:12:16,561:INFO:sklearn.ensemble.RandomForestClassifier.predict: running accelerated version on CPU
2023-05-04 16:12:16,562:INFO:sklearn.ensemble.RandomForestClassifier.predict_proba: running accelerated version on CPU
2023-05-04 16:12:17,039:INFO:sklearn.ensemble.RandomForestClassifier.predict: running accelerated version on CPU
2023-05-04 16:12:17,040:INFO:sklearn.ensemble.RandomForestClassifier.predict_proba: running accelerated version on CPU
2023-05-04 16:12:17,488:INFO:sklearn.ensemble.RandomForestClassifier.predict: running accelerated version on CPU
2023-05-04 16:12:17,489:INFO:sklearn.ensemble.RandomForestClassifier.predict_proba: running accelerated version on CPU
2023-05-04 16:12:17,817:INFO:sklearn.ensemble.RandomForestClassifier.predict: running accelerated version on CPU
2023-05-04 16:12:17,818:INFO:sklearn.ensemble.RandomForestClassifier.predict_proba: running accelerated version on CPU
2023-05-04 16:12:18,245:INFO:sklearn.ensemble.RandomForestClassifier.predict: running accelerated version on CPU
2023-05-04 16:12:18,246:INFO:sklearn.ensemble.RandomForestClassifier.predict_proba: running accelerated version on CPU
2023-05-04 16:12:18,688:INFO:sklearn.ensemble.RandomForestClassifier.predict: running accelerated version on CPU
2023-05-04 16:12:18,689:INFO:sklearn.ensemble.RandomForestClassifier.predict_proba: running accelerated version on CPU
2023-05-04 16:12:19,012:INFO:sklearn.ensemble.RandomForestClassifier.predict: running accelerated version on CPU
2023-05-04 16:12:19,012:INFO:sklearn.ensemble.RandomForestClassifier.predict_proba: running accelerated version on CPU
2023-05-04 16:12:19,428:INFO:sklearn.ensemble.RandomForestClassifier.predict: running accelerated version on CPU
2023-05-04 16:12:19,429:INFO:sklearn.ensemble.RandomForestClassifier.predict_proba: running accelerated version on CPU
2023-05-04 16:12:19,873:INFO:sklearn.ensemble.RandomForestClassifier.predict: running accelerated version on CPU
2023-05-04 16:12:19,873:INFO:sklearn.ensemble.RandomForestClassifier.predict_proba: running accelerated version on CPU
2023-05-04 16:12:20,162:INFO:sklearn.ensemble.RandomForestClassifier.predict: running accelerated version on CPU
2023-05-04 16:12:20,163:INFO:sklearn.ensemble.RandomForestClassifier.predict_proba: running accelerated version on CPU
2023-05-04 16:12:20,639:INFO:sklearn.ensemble.RandomForestClassifier.predict: running accelerated version on CPU
2023-05-04 16:12:20,640:INFO:sklearn.ensemble.RandomForestClassifier.predict_proba: running accelerated version on CPU
2023-05-04 16:12:21,079:INFO:sklearn.ensemble.RandomForestClassifier.predict: running accelerated version on CPU
2023-05-04 16:12:21,080:INFO:sklearn.ensemble.RandomForestClassifier.predict_proba: running accelerated version on CPU
2023-05-04 16:12:21,363:INFO:sklearn.ensemble.RandomForestClassifier.predict: running accelerated version on CPU
2023-05-04 16:12:21,365:INFO:sklearn.ensemble.RandomForestClassifier.predict_proba: running accelerated version on CPU
2023-05-04 16:12:21,830:INFO:sklearn.ensemble.RandomForestClassifier.predict: running accelerated version on CPU
2023-05-04 16:12:21,831:INFO:sklearn.ensemble.RandomForestClassifier.predict_proba: running accelerated version on CPU
2023-05-04 16:12:22,265:INFO:sklearn.ensemble.RandomForestClassifier.predict: running accelerated version on CPU
2023-05-04 16:12:22,265:INFO:sklearn.ensemble.RandomForestClassifier.predict_proba: running accelerated version on CPU
2023-05-04 16:12:22,585:INFO:sklearn.ensemble.RandomForestClassifier.predict: running accelerated version on CPU
2023-05-04 16:12:22,586:INFO:sklearn.ensemble.RandomForestClassifier.predict_proba: running accelerated version on CPU
2023-05-04 16:12:22,994:INFO:sklearn.ensemble.RandomForestClassifier.predict: running accelerated version on CPU
2023-05-04 16:12:22,995:INFO:sklearn.ensemble.RandomForestClassifier.predict_proba: running accelerated version on CPU
2023-05-04 16:12:23,489:INFO:sklearn.ensemble.RandomForestClassifier.predict: running accelerated version on CPU
2023-05-04 16:12:23,490:INFO:sklearn.ensemble.RandomForestClassifier.predict_proba: running accelerated version on CPU
2023-05-04 16:12:23,805:INFO:sklearn.ensemble.RandomForestClassifier.predict: running accelerated version on CPU
2023-05-04 16:12:23,806:INFO:sklearn.ensemble.RandomForestClassifier.predict_proba: running accelerated version on CPU
2023-05-04 16:12:24,244:INFO:sklearn.ensemble.RandomForestClassifier.predict: running accelerated version on CPU
2023-05-04 16:12:24,245:INFO:sklearn.ensemble.RandomForestClassifier.predict_proba: running accelerated version on CPU
2023-05-04 16:12:24,749:INFO:sklearn.ensemble.RandomForestClassifier.predict: running accelerated version on CPU
2023-05-04 16:12:24,750:INFO:sklearn.ensemble.RandomForestClassifier.predict_proba: running accelerated version on CPU
2023-05-04 16:12:25,010:INFO:sklearn.ensemble.RandomForestClassifier.predict: running accelerated version on CPU
2023-05-04 16:12:25,011:INFO:sklearn.ensemble.RandomForestClassifier.predict_proba: running accelerated version on CPU
2023-05-04 16:12:25,437:INFO:sklearn.ensemble.RandomForestClassifier.predict: running accelerated version on CPU
2023-05-04 16:12:25,438:INFO:sklearn.ensemble.RandomForestClassifier.predict_proba: running accelerated version on CPU
2023-05-04 16:12:25,903:INFO:sklearn.ensemble.RandomForestClassifier.predict: running accelerated version on CPU
2023-05-04 16:12:25,904:INFO:sklearn.ensemble.RandomForestClassifier.predict_proba: running accelerated version on CPU
2023-05-04 16:12:26,166:INFO:sklearn.ensemble.RandomForestClassifier.predict: running accelerated version on CPU
2023-05-04 16:12:26,167:INFO:sklearn.ensemble.RandomForestClassifier.predict_proba: running accelerated version on CPU
2023-05-04 16:12:26,601:INFO:sklearn.ensemble.RandomForestClassifier.predict: running accelerated version on CPU
2023-05-04 16:12:26,602:INFO:sklearn.ensemble.RandomForestClassifier.predict_proba: running accelerated version on CPU
2023-05-04 16:12:27,096:INFO:sklearn.ensemble.RandomForestClassifier.predict: running accelerated version on CPU
2023-05-04 16:12:27,097:INFO:sklearn.ensemble.RandomForestClassifier.predict_proba: running accelerated version on CPU
2023-05-04 16:12:27,384:INFO:sklearn.ensemble.RandomForestClassifier.predict: running accelerated version on CPU
2023-05-04 16:12:27,385:INFO:sklearn.ensemble.RandomForestClassifier.predict_proba: running accelerated version on CPU
2023-05-04 16:12:27,809:INFO:sklearn.ensemble.RandomForestClassifier.predict: running accelerated version on CPU
2023-05-04 16:12:27,810:INFO:sklearn.ensemble.RandomForestClassifier.predict_proba: running accelerated version on CPU
2023-05-04 16:12:28,326:INFO:sklearn.ensemble.RandomForestClassifier.predict: running accelerated version on CPU
2023-05-04 16:12:28,327:INFO:sklearn.ensemble.RandomForestClassifier.predict_proba: running accelerated version on CPU
2023-05-04 16:12:28,593:INFO:sklearn.ensemble.RandomForestClassifier.predict: running accelerated version on CPU
2023-05-04 16:12:28,594:INFO:sklearn.ensemble.RandomForestClassifier.predict_proba: running accelerated version on CPU
2023-05-04 16:12:29,036:INFO:sklearn.ensemble.RandomForestClassifier.predict: running accelerated version on CPU
2023-05-04 16:12:29,037:INFO:sklearn.ensemble.RandomForestClassifier.predict_proba: running accelerated version on CPU
2023-05-04 16:12:29,483:INFO:sklearn.ensemble.RandomForestClassifier.predict: running accelerated version on CPU
2023-05-04 16:12:29,484:INFO:sklearn.ensemble.RandomForestClassifier.predict_proba: running accelerated version on CPU
2023-05-04 16:12:29,746:INFO:sklearn.ensemble.RandomForestClassifier.predict: running accelerated version on CPU
2023-05-04 16:12:29,747:INFO:sklearn.ensemble.RandomForestClassifier.predict_proba: running accelerated version on CPU
2023-05-04 16:12:30,218:INFO:sklearn.ensemble.RandomForestClassifier.predict: running accelerated version on CPU
2023-05-04 16:12:30,219:INFO:sklearn.ensemble.RandomForestClassifier.predict_proba: running accelerated version on CPU
2023-05-04 16:12:30,653:INFO:sklearn.ensemble.RandomForestClassifier.predict: running accelerated version on CPU
2023-05-04 16:12:30,653:INFO:sklearn.ensemble.RandomForestClassifier.predict_proba: running accelerated version on CPU
2023-05-04 16:12:30,989:INFO:sklearn.ensemble.RandomForestClassifier.predict: running accelerated version on CPU
2023-05-04 16:12:30,989:INFO:sklearn.ensemble.RandomForestClassifier.predict_proba: running accelerated version on CPU
2023-05-04 16:12:31,421:INFO:sklearn.ensemble.RandomForestClassifier.predict: running accelerated version on CPU
2023-05-04 16:12:31,422:INFO:sklearn.ensemble.RandomForestClassifier.predict_proba: running accelerated version on CPU
2023-05-04 16:12:31,470:INFO:sklearn.ensemble.RandomForestClassifier.predict: running accelerated version on CPU
2023-05-04 16:12:31,470:INFO:sklearn.ensemble.RandomForestClassifier.predict_proba: running accelerated version on CPU
2023-05-04 16:12:31,874:INFO:sklearn.ensemble.RandomForestClassifier.predict: running accelerated version on CPU
2023-05-04 16:12:31,875:INFO:sklearn.ensemble.RandomForestClassifier.predict_proba: running accelerated version on CPU
2023-05-04 16:12:32,166:INFO:sklearn.ensemble.RandomForestClassifier.predict: running accelerated version on CPU
2023-05-04 16:12:32,166:INFO:sklearn.ensemble.RandomForestClassifier.predict_proba: running accelerated version on CPU
2023-05-04 16:12:32,623:INFO:sklearn.ensemble.RandomForestClassifier.predict: running accelerated version on CPU
2023-05-04 16:12:32,624:INFO:sklearn.ensemble.RandomForestClassifier.predict_proba: running accelerated version on CPU
2023-05-04 16:12:33,089:INFO:sklearn.ensemble.RandomForestClassifier.predict: running accelerated version on CPU
2023-05-04 16:12:33,090:INFO:sklearn.ensemble.RandomForestClassifier.predict_proba: running accelerated version on CPU
2023-05-04 16:12:33,375:INFO:sklearn.ensemble.RandomForestClassifier.predict: running accelerated version on CPU
2023-05-04 16:12:33,376:INFO:sklearn.ensemble.RandomForestClassifier.predict_proba: running accelerated version on CPU
2023-05-04 16:12:33,855:INFO:sklearn.ensemble.RandomForestClassifier.predict: running accelerated version on CPU
2023-05-04 16:12:33,856:INFO:sklearn.ensemble.RandomForestClassifier.predict_proba: running accelerated version on CPU
2023-05-04 16:12:34,267:INFO:sklearn.ensemble.RandomForestClassifier.predict: running accelerated version on CPU
2023-05-04 16:12:34,268:INFO:sklearn.ensemble.RandomForestClassifier.predict_proba: running accelerated version on CPU
2023-05-04 16:12:34,556:INFO:sklearn.ensemble.RandomForestClassifier.predict: running accelerated version on CPU
2023-05-04 16:12:34,556:INFO:sklearn.ensemble.RandomForestClassifier.predict_proba: running accelerated version on CPU
2023-05-04 16:12:35,030:INFO:sklearn.ensemble.RandomForestClassifier.predict: running accelerated version on CPU
2023-05-04 16:12:35,031:INFO:sklearn.ensemble.RandomForestClassifier.predict_proba: running accelerated version on CPU
2023-05-04 16:12:35,475:INFO:sklearn.ensemble.RandomForestClassifier.predict: running accelerated version on CPU
2023-05-04 16:12:35,476:INFO:sklearn.ensemble.RandomForestClassifier.predict_proba: running accelerated version on CPU
2023-05-04 16:12:35,767:INFO:sklearn.ensemble.RandomForestClassifier.predict: running accelerated version on CPU
2023-05-04 16:12:35,768:INFO:sklearn.ensemble.RandomForestClassifier.predict_proba: running accelerated version on CPU
2023-05-04 16:12:36,282:INFO:sklearn.ensemble.RandomForestClassifier.predict: running accelerated version on CPU
2023-05-04 16:12:36,283:INFO:sklearn.ensemble.RandomForestClassifier.predict_proba: running accelerated version on CPU
2023-05-04 16:12:36,688:INFO:sklearn.ensemble.RandomForestClassifier.predict: running accelerated version on CPU
2023-05-04 16:12:36,689:INFO:sklearn.ensemble.RandomForestClassifier.predict_proba: running accelerated version on CPU
2023-05-04 16:12:36,967:INFO:sklearn.ensemble.RandomForestClassifier.predict: running accelerated version on CPU
2023-05-04 16:12:36,968:INFO:sklearn.ensemble.RandomForestClassifier.predict_proba: running accelerated version on CPU
2023-05-04 16:12:37,428:INFO:sklearn.ensemble.RandomForestClassifier.predict: running accelerated version on CPU
2023-05-04 16:12:37,429:INFO:sklearn.ensemble.RandomForestClassifier.predict_proba: running accelerated version on CPU
2023-05-04 16:12:37,871:INFO:sklearn.ensemble.RandomForestClassifier.predict: running accelerated version on CPU
2023-05-04 16:12:37,871:INFO:sklearn.ensemble.RandomForestClassifier.predict_proba: running accelerated version on CPU
2023-05-04 16:12:38,156:INFO:sklearn.ensemble.RandomForestClassifier.predict: running accelerated version on CPU
2023-05-04 16:12:38,156:INFO:sklearn.ensemble.RandomForestClassifier.predict_proba: running accelerated version on CPU
2023-05-04 16:12:38,645:INFO:sklearn.ensemble.RandomForestClassifier.predict: running accelerated version on CPU
2023-05-04 16:12:38,646:INFO:sklearn.ensemble.RandomForestClassifier.predict_proba: running accelerated version on CPU
2023-05-04 16:12:39,077:INFO:sklearn.ensemble.RandomForestClassifier.predict: running accelerated version on CPU
2023-05-04 16:12:39,078:INFO:sklearn.ensemble.RandomForestClassifier.predict_proba: running accelerated version on CPU
2023-05-04 16:12:39,401:INFO:sklearn.ensemble.RandomForestClassifier.predict: running accelerated version on CPU
2023-05-04 16:12:39,402:INFO:sklearn.ensemble.RandomForestClassifier.predict_proba: running accelerated version on CPU
2023-05-04 16:12:39,810:INFO:sklearn.ensemble.RandomForestClassifier.predict: running accelerated version on CPU
2023-05-04 16:12:39,811:INFO:sklearn.ensemble.RandomForestClassifier.predict_proba: running accelerated version on CPU
2023-05-04 16:12:40,267:INFO:sklearn.ensemble.RandomForestClassifier.predict: running accelerated version on CPU
2023-05-04 16:12:40,268:INFO:sklearn.ensemble.RandomForestClassifier.predict_proba: running accelerated version on CPU
2023-05-04 16:12:40,593:INFO:sklearn.ensemble.RandomForestClassifier.predict: running accelerated version on CPU
2023-05-04 16:12:40,594:INFO:sklearn.ensemble.RandomForestClassifier.predict_proba: running accelerated version on CPU
2023-05-04 16:12:41,028:INFO:sklearn.ensemble.RandomForestClassifier.predict: running accelerated version on CPU
2023-05-04 16:12:41,029:INFO:sklearn.ensemble.RandomForestClassifier.predict_proba: running accelerated version on CPU
2023-05-04 16:12:41,501:INFO:sklearn.ensemble.RandomForestClassifier.predict: running accelerated version on CPU
2023-05-04 16:12:41,502:INFO:sklearn.ensemble.RandomForestClassifier.predict_proba: running accelerated version on CPU
2023-05-04 16:12:41,743:INFO:sklearn.ensemble.RandomForestClassifier.predict: running accelerated version on CPU
2023-05-04 16:12:41,743:INFO:sklearn.ensemble.RandomForestClassifier.predict_proba: running accelerated version on CPU
2023-05-04 16:12:42,243:INFO:sklearn.ensemble.RandomForestClassifier.predict: running accelerated version on CPU
2023-05-04 16:12:42,244:INFO:sklearn.ensemble.RandomForestClassifier.predict_proba: running accelerated version on CPU
2023-05-04 16:12:42,663:INFO:sklearn.ensemble.RandomForestClassifier.predict: running accelerated version on CPU
2023-05-04 16:12:42,663:INFO:sklearn.ensemble.RandomForestClassifier.predict_proba: running accelerated version on CPU
2023-05-04 16:12:42,984:INFO:sklearn.ensemble.RandomForestClassifier.predict: running accelerated version on CPU
2023-05-04 16:12:42,985:INFO:sklearn.ensemble.RandomForestClassifier.predict_proba: running accelerated version on CPU
2023-05-04 16:12:43,427:INFO:sklearn.ensemble.RandomForestClassifier.predict: running accelerated version on CPU
2023-05-04 16:12:43,427:INFO:sklearn.ensemble.RandomForestClassifier.predict_proba: running accelerated version on CPU
2023-05-04 16:12:43,876:INFO:sklearn.ensemble.RandomForestClassifier.predict: running accelerated version on CPU
2023-05-04 16:12:43,877:INFO:sklearn.ensemble.RandomForestClassifier.predict_proba: running accelerated version on CPU
2023-05-04 16:12:44,165:INFO:sklearn.ensemble.RandomForestClassifier.predict: running accelerated version on CPU
2023-05-04 16:12:44,166:INFO:sklearn.ensemble.RandomForestClassifier.predict_proba: running accelerated version on CPU
2023-05-04 16:12:44,625:INFO:sklearn.ensemble.RandomForestClassifier.predict: running accelerated version on CPU
2023-05-04 16:12:44,626:INFO:sklearn.ensemble.RandomForestClassifier.predict_proba: running accelerated version on CPU
2023-05-04 16:12:45,073:INFO:sklearn.ensemble.RandomForestClassifier.predict: running accelerated version on CPU
2023-05-04 16:12:45,073:INFO:sklearn.ensemble.RandomForestClassifier.predict_proba: running accelerated version on CPU
2023-05-04 16:12:45,353:INFO:sklearn.ensemble.RandomForestClassifier.predict: running accelerated version on CPU
2023-05-04 16:12:45,353:INFO:sklearn.ensemble.RandomForestClassifier.predict_proba: running accelerated version on CPU
2023-05-04 16:12:45,398:INFO:sklearn.ensemble.RandomForestClassifier.predict: running accelerated version on CPU
2023-05-04 16:12:45,399:INFO:sklearn.ensemble.RandomForestClassifier.predict_proba: running accelerated version on CPU
2023-05-04 16:12:45,819:INFO:sklearn.ensemble.RandomForestClassifier.predict: running accelerated version on CPU
2023-05-04 16:12:45,820:INFO:sklearn.ensemble.RandomForestClassifier.predict_proba: running accelerated version on CPU
2023-05-04 16:12:46,272:INFO:sklearn.ensemble.RandomForestClassifier.predict: running accelerated version on CPU
2023-05-04 16:12:46,273:INFO:sklearn.ensemble.RandomForestClassifier.predict_proba: running accelerated version on CPU
2023-05-04 16:12:46,579:INFO:sklearn.ensemble.RandomForestClassifier.predict: running accelerated version on CPU
2023-05-04 16:12:46,580:INFO:sklearn.ensemble.RandomForestClassifier.predict_proba: running accelerated version on CPU
2023-05-04 16:12:46,988:INFO:sklearn.ensemble.RandomForestClassifier.predict: running accelerated version on CPU
2023-05-04 16:12:46,989:INFO:sklearn.ensemble.RandomForestClassifier.predict_proba: running accelerated version on CPU
2023-05-04 16:12:47,491:INFO:sklearn.ensemble.RandomForestClassifier.predict: running accelerated version on CPU
2023-05-04 16:12:47,492:INFO:sklearn.ensemble.RandomForestClassifier.predict_proba: running accelerated version on CPU
2023-05-04 16:12:47,766:INFO:sklearn.ensemble.RandomForestClassifier.predict: running accelerated version on CPU
2023-05-04 16:12:47,767:INFO:sklearn.ensemble.RandomForestClassifier.predict_proba: running accelerated version on CPU
2023-05-04 16:12:48,197:INFO:sklearn.ensemble.RandomForestClassifier.predict: running accelerated version on CPU
2023-05-04 16:12:48,198:INFO:sklearn.ensemble.RandomForestClassifier.predict_proba: running accelerated version on CPU
2023-05-04 16:12:48,682:INFO:sklearn.ensemble.RandomForestClassifier.predict: running accelerated version on CPU
2023-05-04 16:12:48,683:INFO:sklearn.ensemble.RandomForestClassifier.predict_proba: running accelerated version on CPU
2023-05-04 16:12:48,972:INFO:sklearn.ensemble.RandomForestClassifier.predict: running accelerated version on CPU
2023-05-04 16:12:48,973:INFO:sklearn.ensemble.RandomForestClassifier.predict_proba: running accelerated version on CPU
2023-05-04 16:12:49,424:INFO:sklearn.ensemble.RandomForestClassifier.predict: running accelerated version on CPU
2023-05-04 16:12:49,425:INFO:sklearn.ensemble.RandomForestClassifier.predict_proba: running accelerated version on CPU
2023-05-04 16:12:49,875:INFO:sklearn.ensemble.RandomForestClassifier.predict: running accelerated version on CPU
2023-05-04 16:12:49,876:INFO:sklearn.ensemble.RandomForestClassifier.predict_proba: running accelerated version on CPU
2023-05-04 16:12:50,185:INFO:sklearn.ensemble.RandomForestClassifier.predict: running accelerated version on CPU
2023-05-04 16:12:50,186:INFO:sklearn.ensemble.RandomForestClassifier.predict_proba: running accelerated version on CPU
2023-05-04 16:12:50,610:INFO:sklearn.ensemble.RandomForestClassifier.predict: running accelerated version on CPU
2023-05-04 16:12:50,611:INFO:sklearn.ensemble.RandomForestClassifier.predict_proba: running accelerated version on CPU
2023-05-04 16:12:51,078:INFO:sklearn.ensemble.RandomForestClassifier.predict: running accelerated version on CPU
2023-05-04 16:12:51,079:INFO:sklearn.ensemble.RandomForestClassifier.predict_proba: running accelerated version on CPU
2023-05-04 16:12:51,352:INFO:sklearn.ensemble.RandomForestClassifier.predict: running accelerated version on CPU
2023-05-04 16:12:51,353:INFO:sklearn.ensemble.RandomForestClassifier.predict_proba: running accelerated version on CPU
2023-05-04 16:12:51,812:INFO:sklearn.ensemble.RandomForestClassifier.predict: running accelerated version on CPU
2023-05-04 16:12:51,813:INFO:sklearn.ensemble.RandomForestClassifier.predict_proba: running accelerated version on CPU
2023-05-04 16:12:52,250:INFO:sklearn.ensemble.RandomForestClassifier.predict: running accelerated version on CPU
2023-05-04 16:12:52,250:INFO:sklearn.ensemble.RandomForestClassifier.predict_proba: running accelerated version on CPU
2023-05-04 16:12:52,548:INFO:sklearn.ensemble.RandomForestClassifier.predict: running accelerated version on CPU
2023-05-04 16:12:52,549:INFO:sklearn.ensemble.RandomForestClassifier.predict_proba: running accelerated version on CPU
2023-05-04 16:12:53,041:INFO:sklearn.ensemble.RandomForestClassifier.predict: running accelerated version on CPU
2023-05-04 16:12:53,042:INFO:sklearn.ensemble.RandomForestClassifier.predict_proba: running accelerated version on CPU
2023-05-04 16:12:53,438:INFO:sklearn.ensemble.RandomForestClassifier.predict: running accelerated version on CPU
2023-05-04 16:12:53,439:INFO:sklearn.ensemble.RandomForestClassifier.predict_proba: running accelerated version on CPU
2023-05-04 16:12:53,764:INFO:sklearn.ensemble.RandomForestClassifier.predict: running accelerated version on CPU
2023-05-04 16:12:53,765:INFO:sklearn.ensemble.RandomForestClassifier.predict_proba: running accelerated version on CPU
2023-05-04 16:12:54,214:INFO:sklearn.ensemble.RandomForestClassifier.predict: running accelerated version on CPU
2023-05-04 16:12:54,215:INFO:sklearn.ensemble.RandomForestClassifier.predict_proba: running accelerated version on CPU
2023-05-04 16:12:54,678:INFO:sklearn.ensemble.RandomForestClassifier.predict: running accelerated version on CPU
2023-05-04 16:12:54,679:INFO:sklearn.ensemble.RandomForestClassifier.predict_proba: running accelerated version on CPU
2023-05-04 16:12:54,939:INFO:sklearn.ensemble.RandomForestClassifier.predict: running accelerated version on CPU
2023-05-04 16:12:54,940:INFO:sklearn.ensemble.RandomForestClassifier.predict_proba: running accelerated version on CPU
2023-05-04 16:12:55,390:INFO:sklearn.ensemble.RandomForestClassifier.predict: running accelerated version on CPU
2023-05-04 16:12:55,391:INFO:sklearn.ensemble.RandomForestClassifier.predict_proba: running accelerated version on CPU
2023-05-04 16:12:55,841:INFO:sklearn.ensemble.RandomForestClassifier.predict: running accelerated version on CPU
2023-05-04 16:12:55,842:INFO:sklearn.ensemble.RandomForestClassifier.predict_proba: running accelerated version on CPU
2023-05-04 16:12:56,188:INFO:sklearn.ensemble.RandomForestClassifier.predict: running accelerated version on CPU
2023-05-04 16:12:56,189:INFO:sklearn.ensemble.RandomForestClassifier.predict_proba: running accelerated version on CPU
2023-05-04 16:12:56,609:INFO:sklearn.ensemble.RandomForestClassifier.predict: running accelerated version on CPU
2023-05-04 16:12:56,610:INFO:sklearn.ensemble.RandomForestClassifier.predict_proba: running accelerated version on CPU
2023-05-04 16:12:57,056:INFO:sklearn.ensemble.RandomForestClassifier.predict: running accelerated version on CPU
2023-05-04 16:12:57,057:INFO:sklearn.ensemble.RandomForestClassifier.predict_proba: running accelerated version on CPU
2023-05-04 16:12:57,379:INFO:sklearn.ensemble.RandomForestClassifier.predict: running accelerated version on CPU
2023-05-04 16:12:57,380:INFO:sklearn.ensemble.RandomForestClassifier.predict_proba: running accelerated version on CPU
2023-05-04 16:12:57,862:INFO:sklearn.ensemble.RandomForestClassifier.predict: running accelerated version on CPU
2023-05-04 16:12:57,863:INFO:sklearn.ensemble.RandomForestClassifier.predict_proba: running accelerated version on CPU
2023-05-04 16:12:58,238:INFO:sklearn.ensemble.RandomForestClassifier.predict: running accelerated version on CPU
2023-05-04 16:12:58,239:INFO:sklearn.ensemble.RandomForestClassifier.predict_proba: running accelerated version on CPU
2023-05-04 16:12:58,605:INFO:sklearn.ensemble.RandomForestClassifier.predict: running accelerated version on CPU
2023-05-04 16:12:58,606:INFO:sklearn.ensemble.RandomForestClassifier.predict_proba: running accelerated version on CPU
2023-05-04 16:12:59,022:INFO:sklearn.ensemble.RandomForestClassifier.predict: running accelerated version on CPU
2023-05-04 16:12:59,022:INFO:sklearn.ensemble.RandomForestClassifier.predict_proba: running accelerated version on CPU
2023-05-04 16:12:59,065:INFO:sklearn.ensemble.RandomForestClassifier.predict: running accelerated version on CPU
2023-05-04 16:12:59,066:INFO:sklearn.ensemble.RandomForestClassifier.predict_proba: running accelerated version on CPU
2023-05-04 16:12:59,451:INFO:sklearn.ensemble.RandomForestClassifier.predict: running accelerated version on CPU
2023-05-04 16:12:59,452:INFO:sklearn.ensemble.RandomForestClassifier.predict_proba: running accelerated version on CPU
2023-05-04 16:12:59,764:INFO:sklearn.ensemble.RandomForestClassifier.predict: running accelerated version on CPU
2023-05-04 16:12:59,765:INFO:sklearn.ensemble.RandomForestClassifier.predict_proba: running accelerated version on CPU
2023-05-04 16:13:00,195:INFO:sklearn.ensemble.RandomForestClassifier.predict: running accelerated version on CPU
2023-05-04 16:13:00,196:INFO:sklearn.ensemble.RandomForestClassifier.predict_proba: running accelerated version on CPU
2023-05-04 16:13:00,698:INFO:sklearn.ensemble.RandomForestClassifier.predict: running accelerated version on CPU
2023-05-04 16:13:00,699:INFO:sklearn.ensemble.RandomForestClassifier.predict_proba: running accelerated version on CPU
2023-05-04 16:13:00,948:INFO:sklearn.ensemble.RandomForestClassifier.predict: running accelerated version on CPU
2023-05-04 16:13:00,949:INFO:sklearn.ensemble.RandomForestClassifier.predict_proba: running accelerated version on CPU
2023-05-04 16:13:01,406:INFO:sklearn.ensemble.RandomForestClassifier.predict: running accelerated version on CPU
2023-05-04 16:13:01,407:INFO:sklearn.ensemble.RandomForestClassifier.predict_proba: running accelerated version on CPU
2023-05-04 16:13:01,890:INFO:sklearn.ensemble.RandomForestClassifier.predict: running accelerated version on CPU
2023-05-04 16:13:01,891:INFO:sklearn.ensemble.RandomForestClassifier.predict_proba: running accelerated version on CPU
2023-05-04 16:13:02,164:INFO:sklearn.ensemble.RandomForestClassifier.predict: running accelerated version on CPU
2023-05-04 16:13:02,165:INFO:sklearn.ensemble.RandomForestClassifier.predict_proba: running accelerated version on CPU
2023-05-04 16:13:02,621:INFO:sklearn.ensemble.RandomForestClassifier.predict: running accelerated version on CPU
2023-05-04 16:13:02,621:INFO:sklearn.ensemble.RandomForestClassifier.predict_proba: running accelerated version on CPU
2023-05-04 16:13:03,063:INFO:sklearn.ensemble.RandomForestClassifier.predict: running accelerated version on CPU
2023-05-04 16:13:03,064:INFO:sklearn.ensemble.RandomForestClassifier.predict_proba: running accelerated version on CPU
2023-05-04 16:13:03,387:INFO:sklearn.ensemble.RandomForestClassifier.predict: running accelerated version on CPU
2023-05-04 16:13:03,387:INFO:sklearn.ensemble.RandomForestClassifier.predict_proba: running accelerated version on CPU
2023-05-04 16:13:03,805:INFO:sklearn.ensemble.RandomForestClassifier.predict: running accelerated version on CPU
2023-05-04 16:13:03,806:INFO:sklearn.ensemble.RandomForestClassifier.predict_proba: running accelerated version on CPU
2023-05-04 16:13:04,293:INFO:sklearn.ensemble.RandomForestClassifier.predict: running accelerated version on CPU
2023-05-04 16:13:04,293:INFO:sklearn.ensemble.RandomForestClassifier.predict_proba: running accelerated version on CPU
2023-05-04 16:13:04,574:INFO:sklearn.ensemble.RandomForestClassifier.predict: running accelerated version on CPU
2023-05-04 16:13:04,575:INFO:sklearn.ensemble.RandomForestClassifier.predict_proba: running accelerated version on CPU
2023-05-04 16:13:05,017:INFO:sklearn.ensemble.RandomForestClassifier.predict: running accelerated version on CPU
2023-05-04 16:13:05,018:INFO:sklearn.ensemble.RandomForestClassifier.predict_proba: running accelerated version on CPU
2023-05-04 16:13:05,494:INFO:sklearn.ensemble.RandomForestClassifier.predict: running accelerated version on CPU
2023-05-04 16:13:05,495:INFO:sklearn.ensemble.RandomForestClassifier.predict_proba: running accelerated version on CPU
2023-05-04 16:13:05,786:INFO:sklearn.ensemble.RandomForestClassifier.predict: running accelerated version on CPU
2023-05-04 16:13:05,787:INFO:sklearn.ensemble.RandomForestClassifier.predict_proba: running accelerated version on CPU
2023-05-04 16:13:06,200:INFO:sklearn.ensemble.RandomForestClassifier.predict: running accelerated version on CPU
2023-05-04 16:13:06,201:INFO:sklearn.ensemble.RandomForestClassifier.predict_proba: running accelerated version on CPU
2023-05-04 16:13:06,646:INFO:sklearn.ensemble.RandomForestClassifier.predict: running accelerated version on CPU
2023-05-04 16:13:06,647:INFO:sklearn.ensemble.RandomForestClassifier.predict_proba: running accelerated version on CPU
2023-05-04 16:13:06,966:INFO:sklearn.ensemble.RandomForestClassifier.predict: running accelerated version on CPU
2023-05-04 16:13:06,967:INFO:sklearn.ensemble.RandomForestClassifier.predict_proba: running accelerated version on CPU
2023-05-04 16:13:07,404:INFO:sklearn.ensemble.RandomForestClassifier.predict: running accelerated version on CPU
2023-05-04 16:13:07,404:INFO:sklearn.ensemble.RandomForestClassifier.predict_proba: running accelerated version on CPU
2023-05-04 16:13:07,870:INFO:sklearn.ensemble.RandomForestClassifier.predict: running accelerated version on CPU
2023-05-04 16:13:07,871:INFO:sklearn.ensemble.RandomForestClassifier.predict_proba: running accelerated version on CPU
2023-05-04 16:13:08,178:INFO:sklearn.ensemble.RandomForestClassifier.predict: running accelerated version on CPU
2023-05-04 16:13:08,179:INFO:sklearn.ensemble.RandomForestClassifier.predict_proba: running accelerated version on CPU
2023-05-04 16:13:08,637:INFO:sklearn.ensemble.RandomForestClassifier.predict: running accelerated version on CPU
2023-05-04 16:13:08,638:INFO:sklearn.ensemble.RandomForestClassifier.predict_proba: running accelerated version on CPU
2023-05-04 16:13:09,078:INFO:sklearn.ensemble.RandomForestClassifier.predict: running accelerated version on CPU
2023-05-04 16:13:09,079:INFO:sklearn.ensemble.RandomForestClassifier.predict_proba: running accelerated version on CPU
2023-05-04 16:13:09,373:INFO:sklearn.ensemble.RandomForestClassifier.predict: running accelerated version on CPU
2023-05-04 16:13:09,374:INFO:sklearn.ensemble.RandomForestClassifier.predict_proba: running accelerated version on CPU
2023-05-04 16:13:09,807:INFO:sklearn.ensemble.RandomForestClassifier.predict: running accelerated version on CPU
2023-05-04 16:13:09,808:INFO:sklearn.ensemble.RandomForestClassifier.predict_proba: running accelerated version on CPU
2023-05-04 16:13:10,286:INFO:sklearn.ensemble.RandomForestClassifier.predict: running accelerated version on CPU
2023-05-04 16:13:10,287:INFO:sklearn.ensemble.RandomForestClassifier.predict_proba: running accelerated version on CPU
2023-05-04 16:13:10,548:INFO:sklearn.ensemble.RandomForestClassifier.predict: running accelerated version on CPU
2023-05-04 16:13:10,549:INFO:sklearn.ensemble.RandomForestClassifier.predict_proba: running accelerated version on CPU
2023-05-04 16:13:10,995:INFO:sklearn.ensemble.RandomForestClassifier.predict: running accelerated version on CPU
2023-05-04 16:13:10,996:INFO:sklearn.ensemble.RandomForestClassifier.predict_proba: running accelerated version on CPU
2023-05-04 16:13:11,489:INFO:sklearn.ensemble.RandomForestClassifier.predict: running accelerated version on CPU
2023-05-04 16:13:11,489:INFO:sklearn.ensemble.RandomForestClassifier.predict_proba: running accelerated version on CPU
2023-05-04 16:13:11,781:INFO:sklearn.ensemble.RandomForestClassifier.predict: running accelerated version on CPU
2023-05-04 16:13:11,781:INFO:sklearn.ensemble.RandomForestClassifier.predict_proba: running accelerated version on CPU
2023-05-04 16:13:12,220:INFO:sklearn.ensemble.RandomForestClassifier.predict: running accelerated version on CPU
2023-05-04 16:13:12,221:INFO:sklearn.ensemble.RandomForestClassifier.predict_proba: running accelerated version on CPU
2023-05-04 16:13:12,657:INFO:sklearn.ensemble.RandomForestClassifier.predict: running accelerated version on CPU
2023-05-04 16:13:12,658:INFO:sklearn.ensemble.RandomForestClassifier.predict_proba: running accelerated version on CPU
2023-05-04 16:13:12,938:INFO:sklearn.ensemble.RandomForestClassifier.predict: running accelerated version on CPU
2023-05-04 16:13:12,939:INFO:sklearn.ensemble.RandomForestClassifier.predict_proba: running accelerated version on CPU
2023-05-04 16:13:13,396:INFO:sklearn.ensemble.RandomForestClassifier.predict: running accelerated version on CPU
2023-05-04 16:13:13,397:INFO:sklearn.ensemble.RandomForestClassifier.predict_proba: running accelerated version on CPU
2023-05-04 16:13:13,858:INFO:sklearn.ensemble.RandomForestClassifier.predict: running accelerated version on CPU
2023-05-04 16:13:13,859:INFO:sklearn.ensemble.RandomForestClassifier.predict_proba: running accelerated version on CPU
2023-05-04 16:13:14,140:INFO:sklearn.ensemble.RandomForestClassifier.predict: running accelerated version on CPU
2023-05-04 16:13:14,141:INFO:sklearn.ensemble.RandomForestClassifier.predict_proba: running accelerated version on CPU
2023-05-04 16:13:14,621:INFO:sklearn.ensemble.RandomForestClassifier.predict: running accelerated version on CPU
2023-05-04 16:13:14,621:INFO:sklearn.ensemble.RandomForestClassifier.predict_proba: running accelerated version on CPU
2023-05-04 16:13:15,033:INFO:sklearn.ensemble.RandomForestClassifier.predict: running accelerated version on CPU
2023-05-04 16:13:15,034:INFO:sklearn.ensemble.RandomForestClassifier.predict_proba: running accelerated version on CPU
2023-05-04 16:13:15,394:INFO:sklearn.ensemble.RandomForestClassifier.predict: running accelerated version on CPU
2023-05-04 16:13:15,395:INFO:sklearn.ensemble.RandomForestClassifier.predict_proba: running accelerated version on CPU
2023-05-04 16:13:15,796:INFO:sklearn.ensemble.RandomForestClassifier.predict: running accelerated version on CPU
2023-05-04 16:13:15,797:INFO:sklearn.ensemble.RandomForestClassifier.predict_proba: running accelerated version on CPU
2023-05-04 16:13:16,258:INFO:sklearn.ensemble.RandomForestClassifier.predict: running accelerated version on CPU
2023-05-04 16:13:16,259:INFO:sklearn.ensemble.RandomForestClassifier.predict_proba: running accelerated version on CPU
2023-05-04 16:13:16,576:INFO:sklearn.ensemble.RandomForestClassifier.predict: running accelerated version on CPU
2023-05-04 16:13:16,577:INFO:sklearn.ensemble.RandomForestClassifier.predict_proba: running accelerated version on CPU
2023-05-04 16:13:17,023:INFO:sklearn.ensemble.RandomForestClassifier.predict: running accelerated version on CPU
2023-05-04 16:13:17,024:INFO:sklearn.ensemble.RandomForestClassifier.predict_proba: running accelerated version on CPU
2023-05-04 16:13:17,422:INFO:sklearn.ensemble.RandomForestClassifier.predict: running accelerated version on CPU
2023-05-04 16:13:17,423:INFO:sklearn.ensemble.RandomForestClassifier.predict_proba: running accelerated version on CPU
2023-05-04 16:13:17,754:INFO:sklearn.ensemble.RandomForestClassifier.predict: running accelerated version on CPU
2023-05-04 16:13:17,755:INFO:sklearn.ensemble.RandomForestClassifier.predict_proba: running accelerated version on CPU
2023-05-04 16:13:18,202:INFO:sklearn.ensemble.RandomForestClassifier.predict: running accelerated version on CPU
2023-05-04 16:13:18,202:INFO:sklearn.ensemble.RandomForestClassifier.predict_proba: running accelerated version on CPU
2023-05-04 16:13:18,631:INFO:sklearn.ensemble.RandomForestClassifier.predict: running accelerated version on CPU
2023-05-04 16:13:18,632:INFO:sklearn.ensemble.RandomForestClassifier.predict_proba: running accelerated version on CPU
2023-05-04 16:13:18,964:INFO:sklearn.ensemble.RandomForestClassifier.predict: running accelerated version on CPU
2023-05-04 16:13:18,965:INFO:sklearn.ensemble.RandomForestClassifier.predict_proba: running accelerated version on CPU
2023-05-04 16:13:19,429:INFO:sklearn.ensemble.RandomForestClassifier.predict: running accelerated version on CPU
2023-05-04 16:13:19,431:INFO:sklearn.ensemble.RandomForestClassifier.predict_proba: running accelerated version on CPU
2023-05-04 16:13:19,850:INFO:sklearn.ensemble.RandomForestClassifier.predict: running accelerated version on CPU
2023-05-04 16:13:19,851:INFO:sklearn.ensemble.RandomForestClassifier.predict_proba: running accelerated version on CPU
2023-05-04 16:13:20,191:INFO:sklearn.ensemble.RandomForestClassifier.predict: running accelerated version on CPU
2023-05-04 16:13:20,192:INFO:sklearn.ensemble.RandomForestClassifier.predict_proba: running accelerated version on CPU
2023-05-04 16:13:20,618:INFO:sklearn.ensemble.RandomForestClassifier.predict: running accelerated version on CPU
2023-05-04 16:13:20,619:INFO:sklearn.ensemble.RandomForestClassifier.predict_proba: running accelerated version on CPU
2023-05-04 16:13:21,040:INFO:sklearn.ensemble.RandomForestClassifier.predict: running accelerated version on CPU
2023-05-04 16:13:21,040:INFO:sklearn.ensemble.RandomForestClassifier.predict_proba: running accelerated version on CPU
2023-05-04 16:13:21,352:INFO:sklearn.ensemble.RandomForestClassifier.predict: running accelerated version on CPU
2023-05-04 16:13:21,353:INFO:sklearn.ensemble.RandomForestClassifier.predict_proba: running accelerated version on CPU
2023-05-04 16:13:21,823:INFO:sklearn.ensemble.RandomForestClassifier.predict: running accelerated version on CPU
2023-05-04 16:13:21,824:INFO:sklearn.ensemble.RandomForestClassifier.predict_proba: running accelerated version on CPU
2023-05-04 16:13:22,255:INFO:sklearn.ensemble.RandomForestClassifier.predict: running accelerated version on CPU
2023-05-04 16:13:22,256:INFO:sklearn.ensemble.RandomForestClassifier.predict_proba: running accelerated version on CPU
2023-05-04 16:13:22,545:INFO:sklearn.ensemble.RandomForestClassifier.predict: running accelerated version on CPU
2023-05-04 16:13:22,546:INFO:sklearn.ensemble.RandomForestClassifier.predict_proba: running accelerated version on CPU
2023-05-04 16:13:22,995:INFO:sklearn.ensemble.RandomForestClassifier.predict: running accelerated version on CPU
2023-05-04 16:13:22,996:INFO:sklearn.ensemble.RandomForestClassifier.predict_proba: running accelerated version on CPU
2023-05-04 16:13:23,492:INFO:sklearn.ensemble.RandomForestClassifier.predict: running accelerated version on CPU
2023-05-04 16:13:23,493:INFO:sklearn.ensemble.RandomForestClassifier.predict_proba: running accelerated version on CPU
2023-05-04 16:13:23,745:INFO:sklearn.ensemble.RandomForestClassifier.predict: running accelerated version on CPU
2023-05-04 16:13:23,745:INFO:sklearn.ensemble.RandomForestClassifier.predict_proba: running accelerated version on CPU
2023-05-04 16:13:24,253:INFO:sklearn.ensemble.RandomForestClassifier.predict: running accelerated version on CPU
2023-05-04 16:13:24,254:INFO:sklearn.ensemble.RandomForestClassifier.predict_proba: running accelerated version on CPU
2023-05-04 16:13:24,645:INFO:sklearn.ensemble.RandomForestClassifier.predict: running accelerated version on CPU
2023-05-04 16:13:24,646:INFO:sklearn.ensemble.RandomForestClassifier.predict_proba: running accelerated version on CPU
2023-05-04 16:13:24,967:INFO:sklearn.ensemble.RandomForestClassifier.predict: running accelerated version on CPU
2023-05-04 16:13:24,968:INFO:sklearn.ensemble.RandomForestClassifier.predict_proba: running accelerated version on CPU
2023-05-04 16:13:25,411:INFO:sklearn.ensemble.RandomForestClassifier.predict: running accelerated version on CPU
2023-05-04 16:13:25,412:INFO:sklearn.ensemble.RandomForestClassifier.predict_proba: running accelerated version on CPU
2023-05-04 16:13:25,856:INFO:sklearn.ensemble.RandomForestClassifier.predict: running accelerated version on CPU
2023-05-04 16:13:25,857:INFO:sklearn.ensemble.RandomForestClassifier.predict_proba: running accelerated version on CPU
2023-05-04 16:13:26,152:INFO:sklearn.ensemble.RandomForestClassifier.predict: running accelerated version on CPU
2023-05-04 16:13:26,153:INFO:sklearn.ensemble.RandomForestClassifier.predict_proba: running accelerated version on CPU
2023-05-04 16:13:26,604:INFO:sklearn.ensemble.RandomForestClassifier.predict: running accelerated version on CPU
2023-05-04 16:13:26,604:INFO:sklearn.ensemble.RandomForestClassifier.predict_proba: running accelerated version on CPU
2023-05-04 16:13:27,046:INFO:sklearn.ensemble.RandomForestClassifier.predict: running accelerated version on CPU
2023-05-04 16:13:27,047:INFO:sklearn.ensemble.RandomForestClassifier.predict_proba: running accelerated version on CPU
2023-05-04 16:13:27,330:INFO:sklearn.ensemble.RandomForestClassifier.predict: running accelerated version on CPU
2023-05-04 16:13:27,331:INFO:sklearn.ensemble.RandomForestClassifier.predict_proba: running accelerated version on CPU
2023-05-04 16:13:27,828:INFO:sklearn.ensemble.RandomForestClassifier.predict: running accelerated version on CPU
2023-05-04 16:13:27,829:INFO:sklearn.ensemble.RandomForestClassifier.predict_proba: running accelerated version on CPU
2023-05-04 16:13:28,253:INFO:sklearn.ensemble.RandomForestClassifier.predict: running accelerated version on CPU
2023-05-04 16:13:28,254:INFO:sklearn.ensemble.RandomForestClassifier.predict_proba: running accelerated version on CPU
2023-05-04 16:13:28,584:INFO:sklearn.ensemble.RandomForestClassifier.predict: running accelerated version on CPU
2023-05-04 16:13:28,585:INFO:sklearn.ensemble.RandomForestClassifier.predict_proba: running accelerated version on CPU
2023-05-04 16:13:29,039:INFO:sklearn.ensemble.RandomForestClassifier.predict: running accelerated version on CPU
2023-05-04 16:13:29,040:INFO:sklearn.ensemble.RandomForestClassifier.predict_proba: running accelerated version on CPU
2023-05-04 16:13:29,473:INFO:sklearn.ensemble.RandomForestClassifier.predict: running accelerated version on CPU
2023-05-04 16:13:29,474:INFO:sklearn.ensemble.RandomForestClassifier.predict_proba: running accelerated version on CPU
2023-05-04 16:13:29,780:INFO:sklearn.ensemble.RandomForestClassifier.predict: running accelerated version on CPU
2023-05-04 16:13:29,781:INFO:sklearn.ensemble.RandomForestClassifier.predict_proba: running accelerated version on CPU
2023-05-04 16:13:30,216:INFO:sklearn.ensemble.RandomForestClassifier.predict: running accelerated version on CPU
2023-05-04 16:13:30,216:INFO:sklearn.ensemble.RandomForestClassifier.predict_proba: running accelerated version on CPU
2023-05-04 16:13:30,650:INFO:sklearn.ensemble.RandomForestClassifier.predict: running accelerated version on CPU
2023-05-04 16:13:30,651:INFO:sklearn.ensemble.RandomForestClassifier.predict_proba: running accelerated version on CPU
2023-05-04 16:13:30,959:INFO:sklearn.ensemble.RandomForestClassifier.predict: running accelerated version on CPU
2023-05-04 16:13:30,959:INFO:sklearn.ensemble.RandomForestClassifier.predict_proba: running accelerated version on CPU
2023-05-04 16:13:31,415:INFO:sklearn.ensemble.RandomForestClassifier.predict: running accelerated version on CPU
2023-05-04 16:13:31,415:INFO:sklearn.ensemble.RandomForestClassifier.predict_proba: running accelerated version on CPU
2023-05-04 16:13:31,463:INFO:sklearn.ensemble.RandomForestClassifier.predict: running accelerated version on CPU
2023-05-04 16:13:31,463:INFO:sklearn.ensemble.RandomForestClassifier.predict_proba: running accelerated version on CPU
2023-05-04 16:13:31,868:INFO:sklearn.ensemble.RandomForestClassifier.predict: running accelerated version on CPU
2023-05-04 16:13:31,869:INFO:sklearn.ensemble.RandomForestClassifier.predict_proba: running accelerated version on CPU
2023-05-04 16:13:32,144:INFO:sklearn.ensemble.RandomForestClassifier.predict: running accelerated version on CPU
2023-05-04 16:13:32,145:INFO:sklearn.ensemble.RandomForestClassifier.predict_proba: running accelerated version on CPU
2023-05-04 16:13:32,595:INFO:sklearn.ensemble.RandomForestClassifier.predict: running accelerated version on CPU
2023-05-04 16:13:32,596:INFO:sklearn.ensemble.RandomForestClassifier.predict_proba: running accelerated version on CPU
2023-05-04 16:13:33,036:INFO:sklearn.ensemble.RandomForestClassifier.predict: running accelerated version on CPU
2023-05-04 16:13:33,037:INFO:sklearn.ensemble.RandomForestClassifier.predict_proba: running accelerated version on CPU
2023-05-04 16:13:33,341:INFO:sklearn.ensemble.RandomForestClassifier.predict: running accelerated version on CPU
2023-05-04 16:13:33,342:INFO:sklearn.ensemble.RandomForestClassifier.predict_proba: running accelerated version on CPU
2023-05-04 16:13:33,795:INFO:sklearn.ensemble.RandomForestClassifier.predict: running accelerated version on CPU
2023-05-04 16:13:33,796:INFO:sklearn.ensemble.RandomForestClassifier.predict_proba: running accelerated version on CPU
2023-05-04 16:13:34,305:INFO:sklearn.ensemble.RandomForestClassifier.predict: running accelerated version on CPU
2023-05-04 16:13:34,306:INFO:sklearn.ensemble.RandomForestClassifier.predict_proba: running accelerated version on CPU
2023-05-04 16:13:34,563:INFO:sklearn.ensemble.RandomForestClassifier.predict: running accelerated version on CPU
2023-05-04 16:13:34,564:INFO:sklearn.ensemble.RandomForestClassifier.predict_proba: running accelerated version on CPU
2023-05-04 16:13:34,972:INFO:sklearn.ensemble.RandomForestClassifier.predict: running accelerated version on CPU
2023-05-04 16:13:34,973:INFO:sklearn.ensemble.RandomForestClassifier.predict_proba: running accelerated version on CPU
2023-05-04 16:13:35,457:INFO:sklearn.ensemble.RandomForestClassifier.predict: running accelerated version on CPU
2023-05-04 16:13:35,458:INFO:sklearn.ensemble.RandomForestClassifier.predict_proba: running accelerated version on CPU
2023-05-04 16:13:35,765:INFO:sklearn.ensemble.RandomForestClassifier.predict: running accelerated version on CPU
2023-05-04 16:13:35,766:INFO:sklearn.ensemble.RandomForestClassifier.predict_proba: running accelerated version on CPU
2023-05-04 16:13:36,204:INFO:sklearn.ensemble.RandomForestClassifier.predict: running accelerated version on CPU
2023-05-04 16:13:36,204:INFO:sklearn.ensemble.RandomForestClassifier.predict_proba: running accelerated version on CPU
2023-05-04 16:13:36,637:INFO:sklearn.ensemble.RandomForestClassifier.predict: running accelerated version on CPU
2023-05-04 16:13:36,637:INFO:sklearn.ensemble.RandomForestClassifier.predict_proba: running accelerated version on CPU
2023-05-04 16:13:36,938:INFO:sklearn.ensemble.RandomForestClassifier.predict: running accelerated version on CPU
2023-05-04 16:13:36,939:INFO:sklearn.ensemble.RandomForestClassifier.predict_proba: running accelerated version on CPU
2023-05-04 16:13:37,408:INFO:sklearn.ensemble.RandomForestClassifier.predict: running accelerated version on CPU
2023-05-04 16:13:37,409:INFO:sklearn.ensemble.RandomForestClassifier.predict_proba: running accelerated version on CPU
2023-05-04 16:13:37,857:INFO:sklearn.ensemble.RandomForestClassifier.predict: running accelerated version on CPU
2023-05-04 16:13:37,858:INFO:sklearn.ensemble.RandomForestClassifier.predict_proba: running accelerated version on CPU
2023-05-04 16:13:38,179:INFO:sklearn.ensemble.RandomForestClassifier.predict: running accelerated version on CPU
2023-05-04 16:13:38,180:INFO:sklearn.ensemble.RandomForestClassifier.predict_proba: running accelerated version on CPU
2023-05-04 16:13:38,593:INFO:sklearn.ensemble.RandomForestClassifier.predict: running accelerated version on CPU
2023-05-04 16:13:38,594:INFO:sklearn.ensemble.RandomForestClassifier.predict_proba: running accelerated version on CPU
2023-05-04 16:13:39,083:INFO:sklearn.ensemble.RandomForestClassifier.predict: running accelerated version on CPU
2023-05-04 16:13:39,084:INFO:sklearn.ensemble.RandomForestClassifier.predict_proba: running accelerated version on CPU
2023-05-04 16:13:39,374:INFO:sklearn.ensemble.RandomForestClassifier.predict: running accelerated version on CPU
2023-05-04 16:13:39,375:INFO:sklearn.ensemble.RandomForestClassifier.predict_proba: running accelerated version on CPU
2023-05-04 16:13:39,804:INFO:sklearn.ensemble.RandomForestClassifier.predict: running accelerated version on CPU
2023-05-04 16:13:39,805:INFO:sklearn.ensemble.RandomForestClassifier.predict_proba: running accelerated version on CPU
2023-05-04 16:13:40,259:INFO:sklearn.ensemble.RandomForestClassifier.predict: running accelerated version on CPU
2023-05-04 16:13:40,260:INFO:sklearn.ensemble.RandomForestClassifier.predict_proba: running accelerated version on CPU
2023-05-04 16:13:40,539:INFO:sklearn.ensemble.RandomForestClassifier.predict: running accelerated version on CPU
2023-05-04 16:13:40,540:INFO:sklearn.ensemble.RandomForestClassifier.predict_proba: running accelerated version on CPU
2023-05-04 16:13:40,996:INFO:sklearn.ensemble.RandomForestClassifier.predict: running accelerated version on CPU
2023-05-04 16:13:40,997:INFO:sklearn.ensemble.RandomForestClassifier.predict_proba: running accelerated version on CPU
2023-05-04 16:13:41,425:INFO:sklearn.ensemble.RandomForestClassifier.predict: running accelerated version on CPU
2023-05-04 16:13:41,426:INFO:sklearn.ensemble.RandomForestClassifier.predict_proba: running accelerated version on CPU
2023-05-04 16:13:41,786:INFO:sklearn.ensemble.RandomForestClassifier.predict: running accelerated version on CPU
2023-05-04 16:13:41,787:INFO:sklearn.ensemble.RandomForestClassifier.predict_proba: running accelerated version on CPU
2023-05-04 16:13:42,210:INFO:sklearn.ensemble.RandomForestClassifier.predict: running accelerated version on CPU
2023-05-04 16:13:42,211:INFO:sklearn.ensemble.RandomForestClassifier.predict_proba: running accelerated version on CPU
2023-05-04 16:13:42,668:INFO:sklearn.ensemble.RandomForestClassifier.predict: running accelerated version on CPU
2023-05-04 16:13:42,669:INFO:sklearn.ensemble.RandomForestClassifier.predict_proba: running accelerated version on CPU
2023-05-04 16:13:42,942:INFO:sklearn.ensemble.RandomForestClassifier.predict: running accelerated version on CPU
2023-05-04 16:13:42,943:INFO:sklearn.ensemble.RandomForestClassifier.predict_proba: running accelerated version on CPU
2023-05-04 16:13:43,369:INFO:sklearn.ensemble.RandomForestClassifier.predict: running accelerated version on CPU
2023-05-04 16:13:43,370:INFO:sklearn.ensemble.RandomForestClassifier.predict_proba: running accelerated version on CPU
2023-05-04 16:13:43,837:INFO:sklearn.ensemble.RandomForestClassifier.predict: running accelerated version on CPU
2023-05-04 16:13:43,838:INFO:sklearn.ensemble.RandomForestClassifier.predict_proba: running accelerated version on CPU
2023-05-04 16:13:44,138:INFO:sklearn.ensemble.RandomForestClassifier.predict: running accelerated version on CPU
2023-05-04 16:13:44,139:INFO:sklearn.ensemble.RandomForestClassifier.predict_proba: running accelerated version on CPU
2023-05-04 16:13:44,600:INFO:sklearn.ensemble.RandomForestClassifier.predict: running accelerated version on CPU
2023-05-04 16:13:44,601:INFO:sklearn.ensemble.RandomForestClassifier.predict_proba: running accelerated version on CPU
2023-05-04 16:13:45,044:INFO:sklearn.ensemble.RandomForestClassifier.predict: running accelerated version on CPU
2023-05-04 16:13:45,045:INFO:sklearn.ensemble.RandomForestClassifier.predict_proba: running accelerated version on CPU
2023-05-04 16:13:45,327:INFO:sklearn.ensemble.RandomForestClassifier.predict: running accelerated version on CPU
2023-05-04 16:13:45,328:INFO:sklearn.ensemble.RandomForestClassifier.predict_proba: running accelerated version on CPU
2023-05-04 16:13:45,769:INFO:sklearn.ensemble.RandomForestClassifier.predict: running accelerated version on CPU
2023-05-04 16:13:45,770:INFO:sklearn.ensemble.RandomForestClassifier.predict_proba: running accelerated version on CPU
2023-05-04 16:13:46,254:INFO:sklearn.ensemble.RandomForestClassifier.predict: running accelerated version on CPU
2023-05-04 16:13:46,254:INFO:sklearn.ensemble.RandomForestClassifier.predict_proba: running accelerated version on CPU
2023-05-04 16:13:46,530:INFO:sklearn.ensemble.RandomForestClassifier.predict: running accelerated version on CPU
2023-05-04 16:13:46,530:INFO:sklearn.ensemble.RandomForestClassifier.predict_proba: running accelerated version on CPU
2023-05-04 16:13:46,997:INFO:sklearn.ensemble.RandomForestClassifier.predict: running accelerated version on CPU
2023-05-04 16:13:46,998:INFO:sklearn.ensemble.RandomForestClassifier.predict_proba: running accelerated version on CPU
2023-05-04 16:13:47,456:INFO:sklearn.ensemble.RandomForestClassifier.predict: running accelerated version on CPU
2023-05-04 16:13:47,457:INFO:sklearn.ensemble.RandomForestClassifier.predict_proba: running accelerated version on CPU
2023-05-04 16:13:47,739:INFO:sklearn.ensemble.RandomForestClassifier.predict: running accelerated version on CPU
2023-05-04 16:13:47,740:INFO:sklearn.ensemble.RandomForestClassifier.predict_proba: running accelerated version on CPU
2023-05-04 16:13:48,167:INFO:sklearn.ensemble.RandomForestClassifier.predict: running accelerated version on CPU
2023-05-04 16:13:48,167:INFO:sklearn.ensemble.RandomForestClassifier.predict_proba: running accelerated version on CPU
2023-05-04 16:13:48,660:INFO:sklearn.ensemble.RandomForestClassifier.predict: running accelerated version on CPU
2023-05-04 16:13:48,660:INFO:sklearn.ensemble.RandomForestClassifier.predict_proba: running accelerated version on CPU
2023-05-04 16:13:48,941:INFO:sklearn.ensemble.RandomForestClassifier.predict: running accelerated version on CPU
2023-05-04 16:13:48,941:INFO:sklearn.ensemble.RandomForestClassifier.predict_proba: running accelerated version on CPU
2023-05-04 16:13:49,379:INFO:sklearn.ensemble.RandomForestClassifier.predict: running accelerated version on CPU
2023-05-04 16:13:49,379:INFO:sklearn.ensemble.RandomForestClassifier.predict_proba: running accelerated version on CPU
2023-05-04 16:13:49,836:INFO:sklearn.ensemble.RandomForestClassifier.predict: running accelerated version on CPU
2023-05-04 16:13:49,836:INFO:sklearn.ensemble.RandomForestClassifier.predict_proba: running accelerated version on CPU
2023-05-04 16:13:50,119:INFO:sklearn.ensemble.RandomForestClassifier.predict: running accelerated version on CPU
2023-05-04 16:13:50,120:INFO:sklearn.ensemble.RandomForestClassifier.predict_proba: running accelerated version on CPU
2023-05-04 16:13:50,601:INFO:sklearn.ensemble.RandomForestClassifier.predict: running accelerated version on CPU
2023-05-04 16:13:50,602:INFO:sklearn.ensemble.RandomForestClassifier.predict_proba: running accelerated version on CPU
2023-05-04 16:13:51,074:INFO:sklearn.ensemble.RandomForestClassifier.predict: running accelerated version on CPU
2023-05-04 16:13:51,075:INFO:sklearn.ensemble.RandomForestClassifier.predict_proba: running accelerated version on CPU
2023-05-04 16:13:51,339:INFO:sklearn.ensemble.RandomForestClassifier.predict: running accelerated version on CPU
2023-05-04 16:13:51,340:INFO:sklearn.ensemble.RandomForestClassifier.predict_proba: running accelerated version on CPU
2023-05-04 16:13:51,797:INFO:sklearn.ensemble.RandomForestClassifier.predict: running accelerated version on CPU
2023-05-04 16:13:51,798:INFO:sklearn.ensemble.RandomForestClassifier.predict_proba: running accelerated version on CPU
2023-05-04 16:13:52,249:INFO:sklearn.ensemble.RandomForestClassifier.predict: running accelerated version on CPU
2023-05-04 16:13:52,250:INFO:sklearn.ensemble.RandomForestClassifier.predict_proba: running accelerated version on CPU
2023-05-04 16:13:52,538:INFO:sklearn.ensemble.RandomForestClassifier.predict: running accelerated version on CPU
2023-05-04 16:13:52,538:INFO:sklearn.ensemble.RandomForestClassifier.predict_proba: running accelerated version on CPU
2023-05-04 16:13:52,976:INFO:sklearn.ensemble.RandomForestClassifier.predict: running accelerated version on CPU
2023-05-04 16:13:52,977:INFO:sklearn.ensemble.RandomForestClassifier.predict_proba: running accelerated version on CPU
2023-05-04 16:13:53,480:INFO:sklearn.ensemble.RandomForestClassifier.predict: running accelerated version on CPU
2023-05-04 16:13:53,481:INFO:sklearn.ensemble.RandomForestClassifier.predict_proba: running accelerated version on CPU
